Analysis & Synthesis report for bridge_rtl
Sat Jul 13 14:34:59 2024
Quartus Prime Version 17.1.0 Build 590 10/25/2017 SJ Lite Edition


---------------------
; Table of Contents ;
---------------------
  1. Legal Notice
  2. Analysis & Synthesis Summary
  3. Analysis & Synthesis Settings
  4. Parallel Compilation
  5. Analysis & Synthesis Source Files Read
  6. Analysis & Synthesis Resource Usage Summary
  7. Analysis & Synthesis Resource Utilization by Entity
  8. User-Specified and Inferred Latches
  9. General Register Statistics
 10. Parameter Settings for User Entity Instance: Top-level Entity: |bridge_rtl
 11. Post-Synthesis Netlist Statistics for Top Partition
 12. Elapsed Time Per Partition
 13. Analysis & Synthesis Messages



----------------
; Legal Notice ;
----------------
Copyright (C) 2017  Intel Corporation. All rights reserved.
Your use of Intel Corporation's design tools, logic functions 
and other software and tools, and its AMPP partner logic 
functions, and any output files from any of the foregoing 
(including device programming or simulation files), and any 
associated documentation or information are expressly subject 
to the terms and conditions of the Intel Program License 
Subscription Agreement, the Intel Quartus Prime License Agreement,
the Intel FPGA IP License Agreement, or other applicable license
agreement, including, without limitation, that your use is for
the sole purpose of programming logic devices manufactured by
Intel and sold by Intel or its authorized distributors.  Please
refer to the applicable agreement for further details.



+-------------------------------------------------------------------------------+
; Analysis & Synthesis Summary                                                  ;
+---------------------------------+---------------------------------------------+
; Analysis & Synthesis Status     ; Successful - Sat Jul 13 14:34:59 2024       ;
; Quartus Prime Version           ; 17.1.0 Build 590 10/25/2017 SJ Lite Edition ;
; Revision Name                   ; bridge_rtl                                  ;
; Top-level Entity Name           ; bridge_rtl                                  ;
; Family                          ; Cyclone V                                   ;
; Logic utilization (in ALMs)     ; N/A                                         ;
; Total registers                 ; 0                                           ;
; Total pins                      ; 203                                         ;
; Total virtual pins              ; 0                                           ;
; Total block memory bits         ; 0                                           ;
; Total DSP Blocks                ; 0                                           ;
; Total HSSI RX PCSs              ; 0                                           ;
; Total HSSI PMA RX Deserializers ; 0                                           ;
; Total HSSI TX PCSs              ; 0                                           ;
; Total HSSI PMA TX Serializers   ; 0                                           ;
; Total PLLs                      ; 0                                           ;
; Total DLLs                      ; 0                                           ;
+---------------------------------+---------------------------------------------+


+---------------------------------------------------------------------------------------------------------------------------+
; Analysis & Synthesis Settings                                                                                             ;
+---------------------------------------------------------------------------------+--------------------+--------------------+
; Option                                                                          ; Setting            ; Default Value      ;
+---------------------------------------------------------------------------------+--------------------+--------------------+
; Device                                                                          ; 5CGXFC7C7F23C8     ;                    ;
; Top-level entity name                                                           ; bridge_rtl         ; bridge_rtl         ;
; Family name                                                                     ; Cyclone V          ; Cyclone V          ;
; Use smart compilation                                                           ; Off                ; Off                ;
; Enable parallel Assembler and TimeQuest Timing Analyzer during compilation      ; On                 ; On                 ;
; Enable compact report table                                                     ; Off                ; Off                ;
; Restructure Multiplexers                                                        ; Auto               ; Auto               ;
; MLAB Add Timing Constraints For Mixed-Port Feed-Through Mode Setting Don't Care ; Off                ; Off                ;
; Create Debugging Nodes for IP Cores                                             ; Off                ; Off                ;
; Preserve fewer node names                                                       ; On                 ; On                 ;
; Intel FPGA IP Evaluation Mode                                                   ; Enable             ; Enable             ;
; Verilog Version                                                                 ; Verilog_2001       ; Verilog_2001       ;
; VHDL Version                                                                    ; VHDL_1993          ; VHDL_1993          ;
; State Machine Processing                                                        ; Auto               ; Auto               ;
; Safe State Machine                                                              ; Off                ; Off                ;
; Extract Verilog State Machines                                                  ; On                 ; On                 ;
; Extract VHDL State Machines                                                     ; On                 ; On                 ;
; Ignore Verilog initial constructs                                               ; Off                ; Off                ;
; Iteration limit for constant Verilog loops                                      ; 5000               ; 5000               ;
; Iteration limit for non-constant Verilog loops                                  ; 250                ; 250                ;
; Add Pass-Through Logic to Inferred RAMs                                         ; On                 ; On                 ;
; Infer RAMs from Raw Logic                                                       ; On                 ; On                 ;
; Parallel Synthesis                                                              ; On                 ; On                 ;
; DSP Block Balancing                                                             ; Auto               ; Auto               ;
; NOT Gate Push-Back                                                              ; On                 ; On                 ;
; Power-Up Don't Care                                                             ; On                 ; On                 ;
; Remove Redundant Logic Cells                                                    ; Off                ; Off                ;
; Remove Duplicate Registers                                                      ; On                 ; On                 ;
; Ignore CARRY Buffers                                                            ; Off                ; Off                ;
; Ignore CASCADE Buffers                                                          ; Off                ; Off                ;
; Ignore GLOBAL Buffers                                                           ; Off                ; Off                ;
; Ignore ROW GLOBAL Buffers                                                       ; Off                ; Off                ;
; Ignore LCELL Buffers                                                            ; Off                ; Off                ;
; Ignore SOFT Buffers                                                             ; On                 ; On                 ;
; Limit AHDL Integers to 32 Bits                                                  ; Off                ; Off                ;
; Optimization Technique                                                          ; Balanced           ; Balanced           ;
; Carry Chain Length                                                              ; 70                 ; 70                 ;
; Auto Carry Chains                                                               ; On                 ; On                 ;
; Auto Open-Drain Pins                                                            ; On                 ; On                 ;
; Perform WYSIWYG Primitive Resynthesis                                           ; Off                ; Off                ;
; Auto ROM Replacement                                                            ; On                 ; On                 ;
; Auto RAM Replacement                                                            ; On                 ; On                 ;
; Auto DSP Block Replacement                                                      ; On                 ; On                 ;
; Auto Shift Register Replacement                                                 ; Auto               ; Auto               ;
; Allow Shift Register Merging across Hierarchies                                 ; Auto               ; Auto               ;
; Auto Clock Enable Replacement                                                   ; On                 ; On                 ;
; Strict RAM Replacement                                                          ; Off                ; Off                ;
; Allow Synchronous Control Signals                                               ; On                 ; On                 ;
; Force Use of Synchronous Clear Signals                                          ; Off                ; Off                ;
; Auto Resource Sharing                                                           ; Off                ; Off                ;
; Allow Any RAM Size For Recognition                                              ; Off                ; Off                ;
; Allow Any ROM Size For Recognition                                              ; Off                ; Off                ;
; Allow Any Shift Register Size For Recognition                                   ; Off                ; Off                ;
; Use LogicLock Constraints during Resource Balancing                             ; On                 ; On                 ;
; Ignore translate_off and synthesis_off directives                               ; Off                ; Off                ;
; Timing-Driven Synthesis                                                         ; On                 ; On                 ;
; Report Parameter Settings                                                       ; On                 ; On                 ;
; Report Source Assignments                                                       ; On                 ; On                 ;
; Report Connectivity Checks                                                      ; On                 ; On                 ;
; Ignore Maximum Fan-Out Assignments                                              ; Off                ; Off                ;
; Synchronization Register Chain Length                                           ; 3                  ; 3                  ;
; Power Optimization During Synthesis                                             ; Normal compilation ; Normal compilation ;
; HDL message level                                                               ; Level2             ; Level2             ;
; Suppress Register Optimization Related Messages                                 ; Off                ; Off                ;
; Number of Removed Registers Reported in Synthesis Report                        ; 5000               ; 5000               ;
; Number of Swept Nodes Reported in Synthesis Report                              ; 5000               ; 5000               ;
; Number of Inverted Registers Reported in Synthesis Report                       ; 100                ; 100                ;
; Clock MUX Protection                                                            ; On                 ; On                 ;
; Auto Gated Clock Conversion                                                     ; Off                ; Off                ;
; Block Design Naming                                                             ; Auto               ; Auto               ;
; SDC constraint protection                                                       ; Off                ; Off                ;
; Synthesis Effort                                                                ; Auto               ; Auto               ;
; Shift Register Replacement - Allow Asynchronous Clear Signal                    ; On                 ; On                 ;
; Pre-Mapping Resynthesis Optimization                                            ; Off                ; Off                ;
; Analysis & Synthesis Message Level                                              ; Medium             ; Medium             ;
; Disable Register Merging Across Hierarchies                                     ; Auto               ; Auto               ;
; Resource Aware Inference For Block RAM                                          ; On                 ; On                 ;
; Automatic Parallel Synthesis                                                    ; On                 ; On                 ;
; Partial Reconfiguration Bitstream ID                                            ; Off                ; Off                ;
+---------------------------------------------------------------------------------+--------------------+--------------------+


+------------------------------------------+
; Parallel Compilation                     ;
+----------------------------+-------------+
; Processors                 ; Number      ;
+----------------------------+-------------+
; Number detected on machine ; 12          ;
; Maximum allowed            ; 8           ;
;                            ;             ;
; Average used               ; 1.00        ;
; Maximum used               ; 8           ;
;                            ;             ;
; Usage by Processor         ; % Time Used ;
;     Processor 1            ; 100.0%      ;
;     Processors 2-8         ;   0.0%      ;
+----------------------------+-------------+


+--------------------------------------------------------------------------------------------------------------------------------------------------+
; Analysis & Synthesis Source Files Read                                                                                                           ;
+----------------------------------+-----------------+------------------------+----------------------------------------------------------+---------+
; File Name with User-Entered Path ; Used in Netlist ; File Type              ; File Name with Absolute Path                             ; Library ;
+----------------------------------+-----------------+------------------------+----------------------------------------------------------+---------+
; bridge_rtl.v                     ; yes             ; User Verilog HDL File  ; C:/Users/HP/OneDrive/Desktop/project_Bridge/bridge_rtl.v ;         ;
+----------------------------------+-----------------+------------------------+----------------------------------------------------------+---------+


+-------------------------------------------------------------+
; Analysis & Synthesis Resource Usage Summary                 ;
+---------------------------------------------+---------------+
; Resource                                    ; Usage         ;
+---------------------------------------------+---------------+
; Estimate of Logic utilization (ALMs needed) ; 97            ;
;                                             ;               ;
; Combinational ALUT usage for logic          ; 189           ;
;     -- 7 input functions                    ; 0             ;
;     -- 6 input functions                    ; 5             ;
;     -- 5 input functions                    ; 36            ;
;     -- 4 input functions                    ; 4             ;
;     -- <=3 input functions                  ; 144           ;
;                                             ;               ;
; Dedicated logic registers                   ; 0             ;
;                                             ;               ;
; I/O pins                                    ; 203           ;
;                                             ;               ;
; Total DSP Blocks                            ; 0             ;
;                                             ;               ;
; Maximum fan-out node                        ; hresetn~input ;
; Maximum fan-out                             ; 49            ;
; Total fan-out                               ; 957           ;
; Average fan-out                             ; 1.61          ;
+---------------------------------------------+---------------+


+----------------------------------------------------------------------------------------------------------------------------------------------------------------------------------------+
; Analysis & Synthesis Resource Utilization by Entity                                                                                                                                    ;
+----------------------------+---------------------+---------------------------+-------------------+------------+------+--------------+---------------------+-------------+--------------+
; Compilation Hierarchy Node ; Combinational ALUTs ; Dedicated Logic Registers ; Block Memory Bits ; DSP Blocks ; Pins ; Virtual Pins ; Full Hierarchy Name ; Entity Name ; Library Name ;
+----------------------------+---------------------+---------------------------+-------------------+------------+------+--------------+---------------------+-------------+--------------+
; |bridge_rtl                ; 189 (189)           ; 0 (0)                     ; 0                 ; 0          ; 203  ; 0            ; |bridge_rtl         ; bridge_rtl  ; work         ;
+----------------------------+---------------------+---------------------------+-------------------+------------+------+--------------+---------------------+-------------+--------------+
Note: For table entries with two numbers listed, the numbers in parentheses indicate the number of resources of the given type used by the specific entity alone. The numbers listed outside of parentheses indicate the total resources of the given type used by the specific entity and all of its sub-entities in the hierarchy.


+-------------------------------------------------------------------------------------------------------+
; User-Specified and Inferred Latches                                                                   ;
+------------------------------------------------------+-----------------------+------------------------+
; Latch Name                                           ; Latch Enable Signal   ; Free of Timing Hazards ;
+------------------------------------------------------+-----------------------+------------------------+
; paddr[0]$latch                                       ; WideOr4               ; yes                    ;
; paddr[1]$latch                                       ; WideOr4               ; yes                    ;
; paddr[2]$latch                                       ; WideOr4               ; yes                    ;
; paddr[3]$latch                                       ; WideOr4               ; yes                    ;
; paddr[4]$latch                                       ; WideOr4               ; yes                    ;
; paddr[5]$latch                                       ; WideOr4               ; yes                    ;
; paddr[6]$latch                                       ; WideOr4               ; yes                    ;
; paddr[7]$latch                                       ; WideOr4               ; yes                    ;
; paddr[8]$latch                                       ; WideOr4               ; yes                    ;
; paddr[9]$latch                                       ; WideOr4               ; yes                    ;
; paddr[10]$latch                                      ; WideOr4               ; yes                    ;
; paddr[11]$latch                                      ; WideOr4               ; yes                    ;
; paddr[12]$latch                                      ; WideOr4               ; yes                    ;
; paddr[13]$latch                                      ; WideOr4               ; yes                    ;
; paddr[14]$latch                                      ; WideOr4               ; yes                    ;
; paddr[15]$latch                                      ; WideOr4               ; yes                    ;
; paddr[16]$latch                                      ; WideOr4               ; yes                    ;
; paddr[17]$latch                                      ; WideOr4               ; yes                    ;
; paddr[18]$latch                                      ; WideOr4               ; yes                    ;
; paddr[19]$latch                                      ; WideOr4               ; yes                    ;
; paddr[20]$latch                                      ; WideOr4               ; yes                    ;
; paddr[21]$latch                                      ; WideOr4               ; yes                    ;
; paddr[22]$latch                                      ; WideOr4               ; yes                    ;
; paddr[23]$latch                                      ; WideOr4               ; yes                    ;
; paddr[24]$latch                                      ; WideOr4               ; yes                    ;
; paddr[25]$latch                                      ; WideOr4               ; yes                    ;
; paddr[26]$latch                                      ; WideOr4               ; yes                    ;
; paddr[27]$latch                                      ; WideOr4               ; yes                    ;
; paddr[28]$latch                                      ; WideOr4               ; yes                    ;
; paddr[29]$latch                                      ; WideOr4               ; yes                    ;
; paddr[30]$latch                                      ; WideOr4               ; yes                    ;
; paddr[31]$latch                                      ; WideOr4               ; yes                    ;
; pwdata[0]$latch                                      ; paddr                 ; yes                    ;
; pwdata[1]$latch                                      ; paddr                 ; yes                    ;
; pwdata[2]$latch                                      ; paddr                 ; yes                    ;
; pwdata[3]$latch                                      ; paddr                 ; yes                    ;
; pwdata[4]$latch                                      ; paddr                 ; yes                    ;
; pwdata[5]$latch                                      ; paddr                 ; yes                    ;
; pwdata[6]$latch                                      ; paddr                 ; yes                    ;
; pwdata[7]$latch                                      ; paddr                 ; yes                    ;
; pwdata[8]$latch                                      ; paddr                 ; yes                    ;
; pwdata[9]$latch                                      ; paddr                 ; yes                    ;
; pwdata[10]$latch                                     ; paddr                 ; yes                    ;
; pwdata[11]$latch                                     ; paddr                 ; yes                    ;
; pwdata[12]$latch                                     ; paddr                 ; yes                    ;
; pwdata[13]$latch                                     ; paddr                 ; yes                    ;
; pwdata[14]$latch                                     ; paddr                 ; yes                    ;
; pwdata[15]$latch                                     ; paddr                 ; yes                    ;
; pwdata[16]$latch                                     ; paddr                 ; yes                    ;
; pwdata[17]$latch                                     ; paddr                 ; yes                    ;
; pwdata[18]$latch                                     ; paddr                 ; yes                    ;
; pwdata[19]$latch                                     ; paddr                 ; yes                    ;
; pwdata[20]$latch                                     ; paddr                 ; yes                    ;
; pwdata[21]$latch                                     ; paddr                 ; yes                    ;
; pwdata[22]$latch                                     ; paddr                 ; yes                    ;
; pwdata[23]$latch                                     ; paddr                 ; yes                    ;
; pwdata[24]$latch                                     ; paddr                 ; yes                    ;
; pwdata[25]$latch                                     ; paddr                 ; yes                    ;
; pwdata[26]$latch                                     ; paddr                 ; yes                    ;
; pwdata[27]$latch                                     ; paddr                 ; yes                    ;
; pwdata[28]$latch                                     ; paddr                 ; yes                    ;
; pwdata[29]$latch                                     ; paddr                 ; yes                    ;
; pwdata[30]$latch                                     ; paddr                 ; yes                    ;
; pwdata[31]$latch                                     ; paddr                 ; yes                    ;
; psel$latch                                           ; WideOr1               ; yes                    ;
; next_state.renable_1567                              ; Selector12            ; yes                    ;
; next_state.wenable_p_1635                            ; Selector12            ; yes                    ;
; next_state.wenable_1601                              ; Selector12            ; yes                    ;
; pwrite$latch                                         ; WideOr4               ; yes                    ;
; hready$latch                                         ; present_state.wwait   ; yes                    ;
; hrdata[0]$latch                                      ; present_state.renable ; yes                    ;
; hrdata[1]$latch                                      ; present_state.renable ; yes                    ;
; hrdata[2]$latch                                      ; present_state.renable ; yes                    ;
; hrdata[3]$latch                                      ; present_state.renable ; yes                    ;
; hrdata[4]$latch                                      ; present_state.renable ; yes                    ;
; hrdata[5]$latch                                      ; present_state.renable ; yes                    ;
; hrdata[6]$latch                                      ; present_state.renable ; yes                    ;
; hrdata[7]$latch                                      ; present_state.renable ; yes                    ;
; hrdata[8]$latch                                      ; present_state.renable ; yes                    ;
; hrdata[9]$latch                                      ; present_state.renable ; yes                    ;
; hrdata[10]$latch                                     ; present_state.renable ; yes                    ;
; hrdata[11]$latch                                     ; present_state.renable ; yes                    ;
; hrdata[12]$latch                                     ; present_state.renable ; yes                    ;
; hrdata[13]$latch                                     ; present_state.renable ; yes                    ;
; hrdata[14]$latch                                     ; present_state.renable ; yes                    ;
; hrdata[15]$latch                                     ; present_state.renable ; yes                    ;
; hrdata[16]$latch                                     ; present_state.renable ; yes                    ;
; hrdata[17]$latch                                     ; present_state.renable ; yes                    ;
; hrdata[18]$latch                                     ; present_state.renable ; yes                    ;
; hrdata[19]$latch                                     ; present_state.renable ; yes                    ;
; hrdata[20]$latch                                     ; present_state.renable ; yes                    ;
; hrdata[21]$latch                                     ; present_state.renable ; yes                    ;
; hrdata[22]$latch                                     ; present_state.renable ; yes                    ;
; hrdata[23]$latch                                     ; present_state.renable ; yes                    ;
; hrdata[24]$latch                                     ; present_state.renable ; yes                    ;
; hrdata[25]$latch                                     ; present_state.renable ; yes                    ;
; hrdata[26]$latch                                     ; present_state.renable ; yes                    ;
; hrdata[27]$latch                                     ; present_state.renable ; yes                    ;
; hrdata[28]$latch                                     ; present_state.renable ; yes                    ;
; hrdata[29]$latch                                     ; present_state.renable ; yes                    ;
; Number of user-specified and inferred latches = 139  ;                       ;                        ;
+------------------------------------------------------+-----------------------+------------------------+
Table restricted to first 100 entries. Note: All latches listed above may not be present at the end of synthesis due to various synthesis optimizations.


+------------------------------------------------------+
; General Register Statistics                          ;
+----------------------------------------------+-------+
; Statistic                                    ; Value ;
+----------------------------------------------+-------+
; Total registers                              ; 0     ;
; Number of registers using Synchronous Clear  ; 0     ;
; Number of registers using Synchronous Load   ; 0     ;
; Number of registers using Asynchronous Clear ; 0     ;
; Number of registers using Asynchronous Load  ; 0     ;
; Number of registers using Clock Enable       ; 0     ;
; Number of registers using Preset             ; 0     ;
+----------------------------------------------+-------+


+----------------------------------------------------------------------------+
; Parameter Settings for User Entity Instance: Top-level Entity: |bridge_rtl ;
+----------------+-------+---------------------------------------------------+
; Parameter Name ; Value ; Type                                              ;
+----------------+-------+---------------------------------------------------+
; idle           ; 000   ; Unsigned Binary                                   ;
; read           ; 001   ; Unsigned Binary                                   ;
; wwait          ; 010   ; Unsigned Binary                                   ;
; write          ; 011   ; Unsigned Binary                                   ;
; write_p        ; 100   ; Unsigned Binary                                   ;
; wenable_p      ; 101   ; Unsigned Binary                                   ;
; wenable        ; 110   ; Unsigned Binary                                   ;
; renable        ; 111   ; Unsigned Binary                                   ;
+----------------+-------+---------------------------------------------------+
Note: In order to hide this table in the UI and the text report file, please set the "Show Parameter Settings in Synthesis Report" option in "Analysis and Synthesis Settings -> More Settings" to "Off".


+-----------------------------------------------------+
; Post-Synthesis Netlist Statistics for Top Partition ;
+-----------------------+-----------------------------+
; Type                  ; Count                       ;
+-----------------------+-----------------------------+
; arriav_lcell_comb     ; 190                         ;
;     normal            ; 190                         ;
;         0 data inputs ; 1                           ;
;         2 data inputs ; 4                           ;
;         3 data inputs ; 140                         ;
;         4 data inputs ; 4                           ;
;         5 data inputs ; 36                          ;
;         6 data inputs ; 5                           ;
; boundary_port         ; 203                         ;
;                       ;                             ;
; Max LUT depth         ; 3.00                        ;
; Average LUT depth     ; 1.64                        ;
+-----------------------+-----------------------------+


+-------------------------------+
; Elapsed Time Per Partition    ;
+----------------+--------------+
; Partition Name ; Elapsed Time ;
+----------------+--------------+
; Top            ; 00:00:00     ;
+----------------+--------------+


+-------------------------------+
; Analysis & Synthesis Messages ;
+-------------------------------+
Info: *******************************************************************
Info: Running Quartus Prime Analysis & Synthesis
    Info: Version 17.1.0 Build 590 10/25/2017 SJ Lite Edition
    Info: Processing started: Sat Jul 13 14:34:49 2024
Info: Command: quartus_map --read_settings_files=on --write_settings_files=off bridge_rtl -c bridge_rtl
Warning (18236): Number of processors has not been specified which may cause overloading on shared machines.  Set the global assignment NUM_PARALLEL_PROCESSORS in your QSF to an appropriate value for best performance.
Info (20030): Parallel compilation is enabled and will use 8 of the 8 processors detected
Info (12021): Found 1 design units, including 1 entities, in source file bridge_rtl.v
    Info (12023): Found entity 1: bridge_rtl File: C:/Users/HP/OneDrive/Desktop/project_Bridge/bridge_rtl.v Line: 1
Info (12127): Elaborating entity "bridge_rtl" for the top level hierarchy
Warning (10036): Verilog HDL or VHDL warning at bridge_rtl.v(22): object "hwrite_temp" assigned a value but never read File: C:/Users/HP/OneDrive/Desktop/project_Bridge/bridge_rtl.v Line: 22
Warning (10235): Verilog HDL Always Construct warning at bridge_rtl.v(47): variable "valid" is read inside the Always Construct but isn't in the Always Construct's Event Control File: C:/Users/HP/OneDrive/Desktop/project_Bridge/bridge_rtl.v Line: 47
Warning (10235): Verilog HDL Always Construct warning at bridge_rtl.v(49): variable "valid" is read inside the Always Construct but isn't in the Always Construct's Event Control File: C:/Users/HP/OneDrive/Desktop/project_Bridge/bridge_rtl.v Line: 49
Warning (10235): Verilog HDL Always Construct warning at bridge_rtl.v(49): variable "hwrite" is read inside the Always Construct but isn't in the Always Construct's Event Control File: C:/Users/HP/OneDrive/Desktop/project_Bridge/bridge_rtl.v Line: 49
Warning (10235): Verilog HDL Always Construct warning at bridge_rtl.v(52): variable "valid" is read inside the Always Construct but isn't in the Always Construct's Event Control File: C:/Users/HP/OneDrive/Desktop/project_Bridge/bridge_rtl.v Line: 52
Warning (10235): Verilog HDL Always Construct warning at bridge_rtl.v(52): variable "hwrite" is read inside the Always Construct but isn't in the Always Construct's Event Control File: C:/Users/HP/OneDrive/Desktop/project_Bridge/bridge_rtl.v Line: 52
Warning (10235): Verilog HDL Always Construct warning at bridge_rtl.v(59): variable "haddr" is read inside the Always Construct but isn't in the Always Construct's Event Control File: C:/Users/HP/OneDrive/Desktop/project_Bridge/bridge_rtl.v Line: 59
Warning (10235): Verilog HDL Always Construct warning at bridge_rtl.v(71): variable "prdata" is read inside the Always Construct but isn't in the Always Construct's Event Control File: C:/Users/HP/OneDrive/Desktop/project_Bridge/bridge_rtl.v Line: 71
Warning (10235): Verilog HDL Always Construct warning at bridge_rtl.v(73): variable "valid" is read inside the Always Construct but isn't in the Always Construct's Event Control File: C:/Users/HP/OneDrive/Desktop/project_Bridge/bridge_rtl.v Line: 73
Warning (10235): Verilog HDL Always Construct warning at bridge_rtl.v(73): variable "hwrite" is read inside the Always Construct but isn't in the Always Construct's Event Control File: C:/Users/HP/OneDrive/Desktop/project_Bridge/bridge_rtl.v Line: 73
Warning (10235): Verilog HDL Always Construct warning at bridge_rtl.v(75): variable "valid" is read inside the Always Construct but isn't in the Always Construct's Event Control File: C:/Users/HP/OneDrive/Desktop/project_Bridge/bridge_rtl.v Line: 75
Warning (10235): Verilog HDL Always Construct warning at bridge_rtl.v(75): variable "hwrite" is read inside the Always Construct but isn't in the Always Construct's Event Control File: C:/Users/HP/OneDrive/Desktop/project_Bridge/bridge_rtl.v Line: 75
Warning (10235): Verilog HDL Always Construct warning at bridge_rtl.v(77): variable "valid" is read inside the Always Construct but isn't in the Always Construct's Event Control File: C:/Users/HP/OneDrive/Desktop/project_Bridge/bridge_rtl.v Line: 77
Warning (10235): Verilog HDL Always Construct warning at bridge_rtl.v(84): variable "haddr" is read inside the Always Construct but isn't in the Always Construct's Event Control File: C:/Users/HP/OneDrive/Desktop/project_Bridge/bridge_rtl.v Line: 84
Warning (10235): Verilog HDL Always Construct warning at bridge_rtl.v(85): variable "hwrite" is read inside the Always Construct but isn't in the Always Construct's Event Control File: C:/Users/HP/OneDrive/Desktop/project_Bridge/bridge_rtl.v Line: 85
Warning (10235): Verilog HDL Always Construct warning at bridge_rtl.v(86): variable "valid" is read inside the Always Construct but isn't in the Always Construct's Event Control File: C:/Users/HP/OneDrive/Desktop/project_Bridge/bridge_rtl.v Line: 86
Warning (10235): Verilog HDL Always Construct warning at bridge_rtl.v(88): variable "valid" is read inside the Always Construct but isn't in the Always Construct's Event Control File: C:/Users/HP/OneDrive/Desktop/project_Bridge/bridge_rtl.v Line: 88
Warning (10235): Verilog HDL Always Construct warning at bridge_rtl.v(96): variable "haddr_temp" is read inside the Always Construct but isn't in the Always Construct's Event Control File: C:/Users/HP/OneDrive/Desktop/project_Bridge/bridge_rtl.v Line: 96
Warning (10235): Verilog HDL Always Construct warning at bridge_rtl.v(97): variable "hwdata" is read inside the Always Construct but isn't in the Always Construct's Event Control File: C:/Users/HP/OneDrive/Desktop/project_Bridge/bridge_rtl.v Line: 97
Warning (10235): Verilog HDL Always Construct warning at bridge_rtl.v(102): variable "valid" is read inside the Always Construct but isn't in the Always Construct's Event Control File: C:/Users/HP/OneDrive/Desktop/project_Bridge/bridge_rtl.v Line: 102
Warning (10235): Verilog HDL Always Construct warning at bridge_rtl.v(104): variable "valid" is read inside the Always Construct but isn't in the Always Construct's Event Control File: C:/Users/HP/OneDrive/Desktop/project_Bridge/bridge_rtl.v Line: 104
Warning (10235): Verilog HDL Always Construct warning at bridge_rtl.v(111): variable "haddr_temp" is read inside the Always Construct but isn't in the Always Construct's Event Control File: C:/Users/HP/OneDrive/Desktop/project_Bridge/bridge_rtl.v Line: 111
Warning (10235): Verilog HDL Always Construct warning at bridge_rtl.v(112): variable "hwdata" is read inside the Always Construct but isn't in the Always Construct's Event Control File: C:/Users/HP/OneDrive/Desktop/project_Bridge/bridge_rtl.v Line: 112
Warning (10235): Verilog HDL Always Construct warning at bridge_rtl.v(117): variable "hwrite" is read inside the Always Construct but isn't in the Always Construct's Event Control File: C:/Users/HP/OneDrive/Desktop/project_Bridge/bridge_rtl.v Line: 117
Warning (10235): Verilog HDL Always Construct warning at bridge_rtl.v(127): variable "valid" is read inside the Always Construct but isn't in the Always Construct's Event Control File: C:/Users/HP/OneDrive/Desktop/project_Bridge/bridge_rtl.v Line: 127
Warning (10235): Verilog HDL Always Construct warning at bridge_rtl.v(127): variable "hwrite" is read inside the Always Construct but isn't in the Always Construct's Event Control File: C:/Users/HP/OneDrive/Desktop/project_Bridge/bridge_rtl.v Line: 127
Warning (10235): Verilog HDL Always Construct warning at bridge_rtl.v(129): variable "valid" is read inside the Always Construct but isn't in the Always Construct's Event Control File: C:/Users/HP/OneDrive/Desktop/project_Bridge/bridge_rtl.v Line: 129
Warning (10235): Verilog HDL Always Construct warning at bridge_rtl.v(129): variable "hwrite" is read inside the Always Construct but isn't in the Always Construct's Event Control File: C:/Users/HP/OneDrive/Desktop/project_Bridge/bridge_rtl.v Line: 129
Warning (10235): Verilog HDL Always Construct warning at bridge_rtl.v(131): variable "valid" is read inside the Always Construct but isn't in the Always Construct's Event Control File: C:/Users/HP/OneDrive/Desktop/project_Bridge/bridge_rtl.v Line: 131
Warning (10235): Verilog HDL Always Construct warning at bridge_rtl.v(140): variable "valid" is read inside the Always Construct but isn't in the Always Construct's Event Control File: C:/Users/HP/OneDrive/Desktop/project_Bridge/bridge_rtl.v Line: 140
Warning (10235): Verilog HDL Always Construct warning at bridge_rtl.v(140): variable "hwrite" is read inside the Always Construct but isn't in the Always Construct's Event Control File: C:/Users/HP/OneDrive/Desktop/project_Bridge/bridge_rtl.v Line: 140
Warning (10235): Verilog HDL Always Construct warning at bridge_rtl.v(142): variable "valid" is read inside the Always Construct but isn't in the Always Construct's Event Control File: C:/Users/HP/OneDrive/Desktop/project_Bridge/bridge_rtl.v Line: 142
Warning (10235): Verilog HDL Always Construct warning at bridge_rtl.v(142): variable "hwrite" is read inside the Always Construct but isn't in the Always Construct's Event Control File: C:/Users/HP/OneDrive/Desktop/project_Bridge/bridge_rtl.v Line: 142
Warning (10235): Verilog HDL Always Construct warning at bridge_rtl.v(144): variable "hwrite" is read inside the Always Construct but isn't in the Always Construct's Event Control File: C:/Users/HP/OneDrive/Desktop/project_Bridge/bridge_rtl.v Line: 144
Warning (10240): Verilog HDL Always Construct warning at bridge_rtl.v(38): inferring latch(es) for variable "psel", which holds its previous value in one or more paths through the always construct File: C:/Users/HP/OneDrive/Desktop/project_Bridge/bridge_rtl.v Line: 38
Warning (10240): Verilog HDL Always Construct warning at bridge_rtl.v(38): inferring latch(es) for variable "hready", which holds its previous value in one or more paths through the always construct File: C:/Users/HP/OneDrive/Desktop/project_Bridge/bridge_rtl.v Line: 38
Warning (10240): Verilog HDL Always Construct warning at bridge_rtl.v(38): inferring latch(es) for variable "next_state", which holds its previous value in one or more paths through the always construct File: C:/Users/HP/OneDrive/Desktop/project_Bridge/bridge_rtl.v Line: 38
Warning (10240): Verilog HDL Always Construct warning at bridge_rtl.v(38): inferring latch(es) for variable "paddr", which holds its previous value in one or more paths through the always construct File: C:/Users/HP/OneDrive/Desktop/project_Bridge/bridge_rtl.v Line: 38
Warning (10240): Verilog HDL Always Construct warning at bridge_rtl.v(38): inferring latch(es) for variable "pwrite", which holds its previous value in one or more paths through the always construct File: C:/Users/HP/OneDrive/Desktop/project_Bridge/bridge_rtl.v Line: 38
Warning (10240): Verilog HDL Always Construct warning at bridge_rtl.v(38): inferring latch(es) for variable "hrdata", which holds its previous value in one or more paths through the always construct File: C:/Users/HP/OneDrive/Desktop/project_Bridge/bridge_rtl.v Line: 38
Warning (10240): Verilog HDL Always Construct warning at bridge_rtl.v(38): inferring latch(es) for variable "haddr_temp", which holds its previous value in one or more paths through the always construct File: C:/Users/HP/OneDrive/Desktop/project_Bridge/bridge_rtl.v Line: 38
Warning (10240): Verilog HDL Always Construct warning at bridge_rtl.v(38): inferring latch(es) for variable "pwdata", which holds its previous value in one or more paths through the always construct File: C:/Users/HP/OneDrive/Desktop/project_Bridge/bridge_rtl.v Line: 38
Warning (10034): Output port "hresp" at bridge_rtl.v(8) has no driver File: C:/Users/HP/OneDrive/Desktop/project_Bridge/bridge_rtl.v Line: 8
Info (10041): Inferred latch for "pwdata[0]" at bridge_rtl.v(38) File: C:/Users/HP/OneDrive/Desktop/project_Bridge/bridge_rtl.v Line: 38
Info (10041): Inferred latch for "pwdata[1]" at bridge_rtl.v(38) File: C:/Users/HP/OneDrive/Desktop/project_Bridge/bridge_rtl.v Line: 38
Info (10041): Inferred latch for "pwdata[2]" at bridge_rtl.v(38) File: C:/Users/HP/OneDrive/Desktop/project_Bridge/bridge_rtl.v Line: 38
Info (10041): Inferred latch for "pwdata[3]" at bridge_rtl.v(38) File: C:/Users/HP/OneDrive/Desktop/project_Bridge/bridge_rtl.v Line: 38
Info (10041): Inferred latch for "pwdata[4]" at bridge_rtl.v(38) File: C:/Users/HP/OneDrive/Desktop/project_Bridge/bridge_rtl.v Line: 38
Info (10041): Inferred latch for "pwdata[5]" at bridge_rtl.v(38) File: C:/Users/HP/OneDrive/Desktop/project_Bridge/bridge_rtl.v Line: 38
Info (10041): Inferred latch for "pwdata[6]" at bridge_rtl.v(38) File: C:/Users/HP/OneDrive/Desktop/project_Bridge/bridge_rtl.v Line: 38
Info (10041): Inferred latch for "pwdata[7]" at bridge_rtl.v(38) File: C:/Users/HP/OneDrive/Desktop/project_Bridge/bridge_rtl.v Line: 38
Info (10041): Inferred latch for "pwdata[8]" at bridge_rtl.v(38) File: C:/Users/HP/OneDrive/Desktop/project_Bridge/bridge_rtl.v Line: 38
Info (10041): Inferred latch for "pwdata[9]" at bridge_rtl.v(38) File: C:/Users/HP/OneDrive/Desktop/project_Bridge/bridge_rtl.v Line: 38
Info (10041): Inferred latch for "pwdata[10]" at bridge_rtl.v(38) File: C:/Users/HP/OneDrive/Desktop/project_Bridge/bridge_rtl.v Line: 38
Info (10041): Inferred latch for "pwdata[11]" at bridge_rtl.v(38) File: C:/Users/HP/OneDrive/Desktop/project_Bridge/bridge_rtl.v Line: 38
Info (10041): Inferred latch for "pwdata[12]" at bridge_rtl.v(38) File: C:/Users/HP/OneDrive/Desktop/project_Bridge/bridge_rtl.v Line: 38
Info (10041): Inferred latch for "pwdata[13]" at bridge_rtl.v(38) File: C:/Users/HP/OneDrive/Desktop/project_Bridge/bridge_rtl.v Line: 38
Info (10041): Inferred latch for "pwdata[14]" at bridge_rtl.v(38) File: C:/Users/HP/OneDrive/Desktop/project_Bridge/bridge_rtl.v Line: 38
Info (10041): Inferred latch for "pwdata[15]" at bridge_rtl.v(38) File: C:/Users/HP/OneDrive/Desktop/project_Bridge/bridge_rtl.v Line: 38
Info (10041): Inferred latch for "pwdata[16]" at bridge_rtl.v(38) File: C:/Users/HP/OneDrive/Desktop/project_Bridge/bridge_rtl.v Line: 38
Info (10041): Inferred latch for "pwdata[17]" at bridge_rtl.v(38) File: C:/Users/HP/OneDrive/Desktop/project_Bridge/bridge_rtl.v Line: 38
Info (10041): Inferred latch for "pwdata[18]" at bridge_rtl.v(38) File: C:/Users/HP/OneDrive/Desktop/project_Bridge/bridge_rtl.v Line: 38
Info (10041): Inferred latch for "pwdata[19]" at bridge_rtl.v(38) File: C:/Users/HP/OneDrive/Desktop/project_Bridge/bridge_rtl.v Line: 38
Info (10041): Inferred latch for "pwdata[20]" at bridge_rtl.v(38) File: C:/Users/HP/OneDrive/Desktop/project_Bridge/bridge_rtl.v Line: 38
Info (10041): Inferred latch for "pwdata[21]" at bridge_rtl.v(38) File: C:/Users/HP/OneDrive/Desktop/project_Bridge/bridge_rtl.v Line: 38
Info (10041): Inferred latch for "pwdata[22]" at bridge_rtl.v(38) File: C:/Users/HP/OneDrive/Desktop/project_Bridge/bridge_rtl.v Line: 38
Info (10041): Inferred latch for "pwdata[23]" at bridge_rtl.v(38) File: C:/Users/HP/OneDrive/Desktop/project_Bridge/bridge_rtl.v Line: 38
Info (10041): Inferred latch for "pwdata[24]" at bridge_rtl.v(38) File: C:/Users/HP/OneDrive/Desktop/project_Bridge/bridge_rtl.v Line: 38
Info (10041): Inferred latch for "pwdata[25]" at bridge_rtl.v(38) File: C:/Users/HP/OneDrive/Desktop/project_Bridge/bridge_rtl.v Line: 38
Info (10041): Inferred latch for "pwdata[26]" at bridge_rtl.v(38) File: C:/Users/HP/OneDrive/Desktop/project_Bridge/bridge_rtl.v Line: 38
Info (10041): Inferred latch for "pwdata[27]" at bridge_rtl.v(38) File: C:/Users/HP/OneDrive/Desktop/project_Bridge/bridge_rtl.v Line: 38
Info (10041): Inferred latch for "pwdata[28]" at bridge_rtl.v(38) File: C:/Users/HP/OneDrive/Desktop/project_Bridge/bridge_rtl.v Line: 38
Info (10041): Inferred latch for "pwdata[29]" at bridge_rtl.v(38) File: C:/Users/HP/OneDrive/Desktop/project_Bridge/bridge_rtl.v Line: 38
Info (10041): Inferred latch for "pwdata[30]" at bridge_rtl.v(38) File: C:/Users/HP/OneDrive/Desktop/project_Bridge/bridge_rtl.v Line: 38
Info (10041): Inferred latch for "pwdata[31]" at bridge_rtl.v(38) File: C:/Users/HP/OneDrive/Desktop/project_Bridge/bridge_rtl.v Line: 38
Info (10041): Inferred latch for "haddr_temp[0]" at bridge_rtl.v(38) File: C:/Users/HP/OneDrive/Desktop/project_Bridge/bridge_rtl.v Line: 38
Info (10041): Inferred latch for "haddr_temp[1]" at bridge_rtl.v(38) File: C:/Users/HP/OneDrive/Desktop/project_Bridge/bridge_rtl.v Line: 38
Info (10041): Inferred latch for "haddr_temp[2]" at bridge_rtl.v(38) File: C:/Users/HP/OneDrive/Desktop/project_Bridge/bridge_rtl.v Line: 38
Info (10041): Inferred latch for "haddr_temp[3]" at bridge_rtl.v(38) File: C:/Users/HP/OneDrive/Desktop/project_Bridge/bridge_rtl.v Line: 38
Info (10041): Inferred latch for "haddr_temp[4]" at bridge_rtl.v(38) File: C:/Users/HP/OneDrive/Desktop/project_Bridge/bridge_rtl.v Line: 38
Info (10041): Inferred latch for "haddr_temp[5]" at bridge_rtl.v(38) File: C:/Users/HP/OneDrive/Desktop/project_Bridge/bridge_rtl.v Line: 38
Info (10041): Inferred latch for "haddr_temp[6]" at bridge_rtl.v(38) File: C:/Users/HP/OneDrive/Desktop/project_Bridge/bridge_rtl.v Line: 38
Info (10041): Inferred latch for "haddr_temp[7]" at bridge_rtl.v(38) File: C:/Users/HP/OneDrive/Desktop/project_Bridge/bridge_rtl.v Line: 38
Info (10041): Inferred latch for "haddr_temp[8]" at bridge_rtl.v(38) File: C:/Users/HP/OneDrive/Desktop/project_Bridge/bridge_rtl.v Line: 38
Info (10041): Inferred latch for "haddr_temp[9]" at bridge_rtl.v(38) File: C:/Users/HP/OneDrive/Desktop/project_Bridge/bridge_rtl.v Line: 38
Info (10041): Inferred latch for "haddr_temp[10]" at bridge_rtl.v(38) File: C:/Users/HP/OneDrive/Desktop/project_Bridge/bridge_rtl.v Line: 38
Info (10041): Inferred latch for "haddr_temp[11]" at bridge_rtl.v(38) File: C:/Users/HP/OneDrive/Desktop/project_Bridge/bridge_rtl.v Line: 38
Info (10041): Inferred latch for "haddr_temp[12]" at bridge_rtl.v(38) File: C:/Users/HP/OneDrive/Desktop/project_Bridge/bridge_rtl.v Line: 38
Info (10041): Inferred latch for "haddr_temp[13]" at bridge_rtl.v(38) File: C:/Users/HP/OneDrive/Desktop/project_Bridge/bridge_rtl.v Line: 38
Info (10041): Inferred latch for "haddr_temp[14]" at bridge_rtl.v(38) File: C:/Users/HP/OneDrive/Desktop/project_Bridge/bridge_rtl.v Line: 38
Info (10041): Inferred latch for "haddr_temp[15]" at bridge_rtl.v(38) File: C:/Users/HP/OneDrive/Desktop/project_Bridge/bridge_rtl.v Line: 38
Info (10041): Inferred latch for "haddr_temp[16]" at bridge_rtl.v(38) File: C:/Users/HP/OneDrive/Desktop/project_Bridge/bridge_rtl.v Line: 38
Info (10041): Inferred latch for "haddr_temp[17]" at bridge_rtl.v(38) File: C:/Users/HP/OneDrive/Desktop/project_Bridge/bridge_rtl.v Line: 38
Info (10041): Inferred latch for "haddr_temp[18]" at bridge_rtl.v(38) File: C:/Users/HP/OneDrive/Desktop/project_Bridge/bridge_rtl.v Line: 38
Info (10041): Inferred latch for "haddr_temp[19]" at bridge_rtl.v(38) File: C:/Users/HP/OneDrive/Desktop/project_Bridge/bridge_rtl.v Line: 38
Info (10041): Inferred latch for "haddr_temp[20]" at bridge_rtl.v(38) File: C:/Users/HP/OneDrive/Desktop/project_Bridge/bridge_rtl.v Line: 38
Info (10041): Inferred latch for "haddr_temp[21]" at bridge_rtl.v(38) File: C:/Users/HP/OneDrive/Desktop/project_Bridge/bridge_rtl.v Line: 38
Info (10041): Inferred latch for "haddr_temp[22]" at bridge_rtl.v(38) File: C:/Users/HP/OneDrive/Desktop/project_Bridge/bridge_rtl.v Line: 38
Info (10041): Inferred latch for "haddr_temp[23]" at bridge_rtl.v(38) File: C:/Users/HP/OneDrive/Desktop/project_Bridge/bridge_rtl.v Line: 38
Info (10041): Inferred latch for "haddr_temp[24]" at bridge_rtl.v(38) File: C:/Users/HP/OneDrive/Desktop/project_Bridge/bridge_rtl.v Line: 38
Info (10041): Inferred latch for "haddr_temp[25]" at bridge_rtl.v(38) File: C:/Users/HP/OneDrive/Desktop/project_Bridge/bridge_rtl.v Line: 38
Info (10041): Inferred latch for "haddr_temp[26]" at bridge_rtl.v(38) File: C:/Users/HP/OneDrive/Desktop/project_Bridge/bridge_rtl.v Line: 38
Info (10041): Inferred latch for "haddr_temp[27]" at bridge_rtl.v(38) File: C:/Users/HP/OneDrive/Desktop/project_Bridge/bridge_rtl.v Line: 38
Info (10041): Inferred latch for "haddr_temp[28]" at bridge_rtl.v(38) File: C:/Users/HP/OneDrive/Desktop/project_Bridge/bridge_rtl.v Line: 38
Info (10041): Inferred latch for "haddr_temp[29]" at bridge_rtl.v(38) File: C:/Users/HP/OneDrive/Desktop/project_Bridge/bridge_rtl.v Line: 38
Info (10041): Inferred latch for "haddr_temp[30]" at bridge_rtl.v(38) File: C:/Users/HP/OneDrive/Desktop/project_Bridge/bridge_rtl.v Line: 38
Info (10041): Inferred latch for "haddr_temp[31]" at bridge_rtl.v(38) File: C:/Users/HP/OneDrive/Desktop/project_Bridge/bridge_rtl.v Line: 38
Info (10041): Inferred latch for "hrdata[0]" at bridge_rtl.v(38) File: C:/Users/HP/OneDrive/Desktop/project_Bridge/bridge_rtl.v Line: 38
Info (10041): Inferred latch for "hrdata[1]" at bridge_rtl.v(38) File: C:/Users/HP/OneDrive/Desktop/project_Bridge/bridge_rtl.v Line: 38
Info (10041): Inferred latch for "hrdata[2]" at bridge_rtl.v(38) File: C:/Users/HP/OneDrive/Desktop/project_Bridge/bridge_rtl.v Line: 38
Info (10041): Inferred latch for "hrdata[3]" at bridge_rtl.v(38) File: C:/Users/HP/OneDrive/Desktop/project_Bridge/bridge_rtl.v Line: 38
Info (10041): Inferred latch for "hrdata[4]" at bridge_rtl.v(38) File: C:/Users/HP/OneDrive/Desktop/project_Bridge/bridge_rtl.v Line: 38
Info (10041): Inferred latch for "hrdata[5]" at bridge_rtl.v(38) File: C:/Users/HP/OneDrive/Desktop/project_Bridge/bridge_rtl.v Line: 38
Info (10041): Inferred latch for "hrdata[6]" at bridge_rtl.v(38) File: C:/Users/HP/OneDrive/Desktop/project_Bridge/bridge_rtl.v Line: 38
Info (10041): Inferred latch for "hrdata[7]" at bridge_rtl.v(38) File: C:/Users/HP/OneDrive/Desktop/project_Bridge/bridge_rtl.v Line: 38
Info (10041): Inferred latch for "hrdata[8]" at bridge_rtl.v(38) File: C:/Users/HP/OneDrive/Desktop/project_Bridge/bridge_rtl.v Line: 38
Info (10041): Inferred latch for "hrdata[9]" at bridge_rtl.v(38) File: C:/Users/HP/OneDrive/Desktop/project_Bridge/bridge_rtl.v Line: 38
Info (10041): Inferred latch for "hrdata[10]" at bridge_rtl.v(38) File: C:/Users/HP/OneDrive/Desktop/project_Bridge/bridge_rtl.v Line: 38
Info (10041): Inferred latch for "hrdata[11]" at bridge_rtl.v(38) File: C:/Users/HP/OneDrive/Desktop/project_Bridge/bridge_rtl.v Line: 38
Info (10041): Inferred latch for "hrdata[12]" at bridge_rtl.v(38) File: C:/Users/HP/OneDrive/Desktop/project_Bridge/bridge_rtl.v Line: 38
Info (10041): Inferred latch for "hrdata[13]" at bridge_rtl.v(38) File: C:/Users/HP/OneDrive/Desktop/project_Bridge/bridge_rtl.v Line: 38
Info (10041): Inferred latch for "hrdata[14]" at bridge_rtl.v(38) File: C:/Users/HP/OneDrive/Desktop/project_Bridge/bridge_rtl.v Line: 38
Info (10041): Inferred latch for "hrdata[15]" at bridge_rtl.v(38) File: C:/Users/HP/OneDrive/Desktop/project_Bridge/bridge_rtl.v Line: 38
Info (10041): Inferred latch for "hrdata[16]" at bridge_rtl.v(38) File: C:/Users/HP/OneDrive/Desktop/project_Bridge/bridge_rtl.v Line: 38
Info (10041): Inferred latch for "hrdata[17]" at bridge_rtl.v(38) File: C:/Users/HP/OneDrive/Desktop/project_Bridge/bridge_rtl.v Line: 38
Info (10041): Inferred latch for "hrdata[18]" at bridge_rtl.v(38) File: C:/Users/HP/OneDrive/Desktop/project_Bridge/bridge_rtl.v Line: 38
Info (10041): Inferred latch for "hrdata[19]" at bridge_rtl.v(38) File: C:/Users/HP/OneDrive/Desktop/project_Bridge/bridge_rtl.v Line: 38
Info (10041): Inferred latch for "hrdata[20]" at bridge_rtl.v(38) File: C:/Users/HP/OneDrive/Desktop/project_Bridge/bridge_rtl.v Line: 38
Info (10041): Inferred latch for "hrdata[21]" at bridge_rtl.v(38) File: C:/Users/HP/OneDrive/Desktop/project_Bridge/bridge_rtl.v Line: 38
Info (10041): Inferred latch for "hrdata[22]" at bridge_rtl.v(38) File: C:/Users/HP/OneDrive/Desktop/project_Bridge/bridge_rtl.v Line: 38
Info (10041): Inferred latch for "hrdata[23]" at bridge_rtl.v(38) File: C:/Users/HP/OneDrive/Desktop/project_Bridge/bridge_rtl.v Line: 38
Info (10041): Inferred latch for "hrdata[24]" at bridge_rtl.v(38) File: C:/Users/HP/OneDrive/Desktop/project_Bridge/bridge_rtl.v Line: 38
Info (10041): Inferred latch for "hrdata[25]" at bridge_rtl.v(38) File: C:/Users/HP/OneDrive/Desktop/project_Bridge/bridge_rtl.v Line: 38
Info (10041): Inferred latch for "hrdata[26]" at bridge_rtl.v(38) File: C:/Users/HP/OneDrive/Desktop/project_Bridge/bridge_rtl.v Line: 38
Info (10041): Inferred latch for "hrdata[27]" at bridge_rtl.v(38) File: C:/Users/HP/OneDrive/Desktop/project_Bridge/bridge_rtl.v Line: 38
Info (10041): Inferred latch for "hrdata[28]" at bridge_rtl.v(38) File: C:/Users/HP/OneDrive/Desktop/project_Bridge/bridge_rtl.v Line: 38
Info (10041): Inferred latch for "hrdata[29]" at bridge_rtl.v(38) File: C:/Users/HP/OneDrive/Desktop/project_Bridge/bridge_rtl.v Line: 38
Info (10041): Inferred latch for "hrdata[30]" at bridge_rtl.v(38) File: C:/Users/HP/OneDrive/Desktop/project_Bridge/bridge_rtl.v Line: 38
Info (10041): Inferred latch for "hrdata[31]" at bridge_rtl.v(38) File: C:/Users/HP/OneDrive/Desktop/project_Bridge/bridge_rtl.v Line: 38
Info (10041): Inferred latch for "pwrite" at bridge_rtl.v(38) File: C:/Users/HP/OneDrive/Desktop/project_Bridge/bridge_rtl.v Line: 38
Info (10041): Inferred latch for "paddr[0]" at bridge_rtl.v(38) File: C:/Users/HP/OneDrive/Desktop/project_Bridge/bridge_rtl.v Line: 38
Info (10041): Inferred latch for "paddr[1]" at bridge_rtl.v(38) File: C:/Users/HP/OneDrive/Desktop/project_Bridge/bridge_rtl.v Line: 38
Info (10041): Inferred latch for "paddr[2]" at bridge_rtl.v(38) File: C:/Users/HP/OneDrive/Desktop/project_Bridge/bridge_rtl.v Line: 38
Info (10041): Inferred latch for "paddr[3]" at bridge_rtl.v(38) File: C:/Users/HP/OneDrive/Desktop/project_Bridge/bridge_rtl.v Line: 38
Info (10041): Inferred latch for "paddr[4]" at bridge_rtl.v(38) File: C:/Users/HP/OneDrive/Desktop/project_Bridge/bridge_rtl.v Line: 38
Info (10041): Inferred latch for "paddr[5]" at bridge_rtl.v(38) File: C:/Users/HP/OneDrive/Desktop/project_Bridge/bridge_rtl.v Line: 38
Info (10041): Inferred latch for "paddr[6]" at bridge_rtl.v(38) File: C:/Users/HP/OneDrive/Desktop/project_Bridge/bridge_rtl.v Line: 38
Info (10041): Inferred latch for "paddr[7]" at bridge_rtl.v(38) File: C:/Users/HP/OneDrive/Desktop/project_Bridge/bridge_rtl.v Line: 38
Info (10041): Inferred latch for "paddr[8]" at bridge_rtl.v(38) File: C:/Users/HP/OneDrive/Desktop/project_Bridge/bridge_rtl.v Line: 38
Info (10041): Inferred latch for "paddr[9]" at bridge_rtl.v(38) File: C:/Users/HP/OneDrive/Desktop/project_Bridge/bridge_rtl.v Line: 38
Info (10041): Inferred latch for "paddr[10]" at bridge_rtl.v(38) File: C:/Users/HP/OneDrive/Desktop/project_Bridge/bridge_rtl.v Line: 38
Info (10041): Inferred latch for "paddr[11]" at bridge_rtl.v(38) File: C:/Users/HP/OneDrive/Desktop/project_Bridge/bridge_rtl.v Line: 38
Info (10041): Inferred latch for "paddr[12]" at bridge_rtl.v(38) File: C:/Users/HP/OneDrive/Desktop/project_Bridge/bridge_rtl.v Line: 38
Info (10041): Inferred latch for "paddr[13]" at bridge_rtl.v(38) File: C:/Users/HP/OneDrive/Desktop/project_Bridge/bridge_rtl.v Line: 38
Info (10041): Inferred latch for "paddr[14]" at bridge_rtl.v(38) File: C:/Users/HP/OneDrive/Desktop/project_Bridge/bridge_rtl.v Line: 38
Info (10041): Inferred latch for "paddr[15]" at bridge_rtl.v(38) File: C:/Users/HP/OneDrive/Desktop/project_Bridge/bridge_rtl.v Line: 38
Info (10041): Inferred latch for "paddr[16]" at bridge_rtl.v(38) File: C:/Users/HP/OneDrive/Desktop/project_Bridge/bridge_rtl.v Line: 38
Info (10041): Inferred latch for "paddr[17]" at bridge_rtl.v(38) File: C:/Users/HP/OneDrive/Desktop/project_Bridge/bridge_rtl.v Line: 38
Info (10041): Inferred latch for "paddr[18]" at bridge_rtl.v(38) File: C:/Users/HP/OneDrive/Desktop/project_Bridge/bridge_rtl.v Line: 38
Info (10041): Inferred latch for "paddr[19]" at bridge_rtl.v(38) File: C:/Users/HP/OneDrive/Desktop/project_Bridge/bridge_rtl.v Line: 38
Info (10041): Inferred latch for "paddr[20]" at bridge_rtl.v(38) File: C:/Users/HP/OneDrive/Desktop/project_Bridge/bridge_rtl.v Line: 38
Info (10041): Inferred latch for "paddr[21]" at bridge_rtl.v(38) File: C:/Users/HP/OneDrive/Desktop/project_Bridge/bridge_rtl.v Line: 38
Info (10041): Inferred latch for "paddr[22]" at bridge_rtl.v(38) File: C:/Users/HP/OneDrive/Desktop/project_Bridge/bridge_rtl.v Line: 38
Info (10041): Inferred latch for "paddr[23]" at bridge_rtl.v(38) File: C:/Users/HP/OneDrive/Desktop/project_Bridge/bridge_rtl.v Line: 38
Info (10041): Inferred latch for "paddr[24]" at bridge_rtl.v(38) File: C:/Users/HP/OneDrive/Desktop/project_Bridge/bridge_rtl.v Line: 38
Info (10041): Inferred latch for "paddr[25]" at bridge_rtl.v(38) File: C:/Users/HP/OneDrive/Desktop/project_Bridge/bridge_rtl.v Line: 38
Info (10041): Inferred latch for "paddr[26]" at bridge_rtl.v(38) File: C:/Users/HP/OneDrive/Desktop/project_Bridge/bridge_rtl.v Line: 38
Info (10041): Inferred latch for "paddr[27]" at bridge_rtl.v(38) File: C:/Users/HP/OneDrive/Desktop/project_Bridge/bridge_rtl.v Line: 38
Info (10041): Inferred latch for "paddr[28]" at bridge_rtl.v(38) File: C:/Users/HP/OneDrive/Desktop/project_Bridge/bridge_rtl.v Line: 38
Info (10041): Inferred latch for "paddr[29]" at bridge_rtl.v(38) File: C:/Users/HP/OneDrive/Desktop/project_Bridge/bridge_rtl.v Line: 38
Info (10041): Inferred latch for "paddr[30]" at bridge_rtl.v(38) File: C:/Users/HP/OneDrive/Desktop/project_Bridge/bridge_rtl.v Line: 38
Info (10041): Inferred latch for "paddr[31]" at bridge_rtl.v(38) File: C:/Users/HP/OneDrive/Desktop/project_Bridge/bridge_rtl.v Line: 38
Info (10041): Inferred latch for "next_state.renable" at bridge_rtl.v(38) File: C:/Users/HP/OneDrive/Desktop/project_Bridge/bridge_rtl.v Line: 38
Info (10041): Inferred latch for "next_state.wenable" at bridge_rtl.v(38) File: C:/Users/HP/OneDrive/Desktop/project_Bridge/bridge_rtl.v Line: 38
Info (10041): Inferred latch for "next_state.wenable_p" at bridge_rtl.v(38) File: C:/Users/HP/OneDrive/Desktop/project_Bridge/bridge_rtl.v Line: 38
Info (10041): Inferred latch for "next_state.write_p" at bridge_rtl.v(38) File: C:/Users/HP/OneDrive/Desktop/project_Bridge/bridge_rtl.v Line: 38
Info (10041): Inferred latch for "next_state.write" at bridge_rtl.v(38) File: C:/Users/HP/OneDrive/Desktop/project_Bridge/bridge_rtl.v Line: 38
Info (10041): Inferred latch for "next_state.wwait" at bridge_rtl.v(38) File: C:/Users/HP/OneDrive/Desktop/project_Bridge/bridge_rtl.v Line: 38
Info (10041): Inferred latch for "next_state.read" at bridge_rtl.v(38) File: C:/Users/HP/OneDrive/Desktop/project_Bridge/bridge_rtl.v Line: 38
Info (10041): Inferred latch for "next_state.idle" at bridge_rtl.v(38) File: C:/Users/HP/OneDrive/Desktop/project_Bridge/bridge_rtl.v Line: 38
Info (10041): Inferred latch for "hready" at bridge_rtl.v(38) File: C:/Users/HP/OneDrive/Desktop/project_Bridge/bridge_rtl.v Line: 38
Info (10041): Inferred latch for "psel" at bridge_rtl.v(38) File: C:/Users/HP/OneDrive/Desktop/project_Bridge/bridge_rtl.v Line: 38
Warning (13012): Latch paddr[0]$latch has unsafe behavior File: C:/Users/HP/OneDrive/Desktop/project_Bridge/bridge_rtl.v Line: 38
    Warning (13013): Ports D and ENA on the latch are fed by the same signal hresetn File: C:/Users/HP/OneDrive/Desktop/project_Bridge/bridge_rtl.v Line: 2
Warning (13012): Latch paddr[1]$latch has unsafe behavior File: C:/Users/HP/OneDrive/Desktop/project_Bridge/bridge_rtl.v Line: 38
    Warning (13013): Ports D and ENA on the latch are fed by the same signal hresetn File: C:/Users/HP/OneDrive/Desktop/project_Bridge/bridge_rtl.v Line: 2
Warning (13012): Latch paddr[2]$latch has unsafe behavior File: C:/Users/HP/OneDrive/Desktop/project_Bridge/bridge_rtl.v Line: 38
    Warning (13013): Ports D and ENA on the latch are fed by the same signal hresetn File: C:/Users/HP/OneDrive/Desktop/project_Bridge/bridge_rtl.v Line: 2
Warning (13012): Latch paddr[3]$latch has unsafe behavior File: C:/Users/HP/OneDrive/Desktop/project_Bridge/bridge_rtl.v Line: 38
    Warning (13013): Ports D and ENA on the latch are fed by the same signal hresetn File: C:/Users/HP/OneDrive/Desktop/project_Bridge/bridge_rtl.v Line: 2
Warning (13012): Latch paddr[4]$latch has unsafe behavior File: C:/Users/HP/OneDrive/Desktop/project_Bridge/bridge_rtl.v Line: 38
    Warning (13013): Ports D and ENA on the latch are fed by the same signal hresetn File: C:/Users/HP/OneDrive/Desktop/project_Bridge/bridge_rtl.v Line: 2
Warning (13012): Latch paddr[5]$latch has unsafe behavior File: C:/Users/HP/OneDrive/Desktop/project_Bridge/bridge_rtl.v Line: 38
    Warning (13013): Ports D and ENA on the latch are fed by the same signal hresetn File: C:/Users/HP/OneDrive/Desktop/project_Bridge/bridge_rtl.v Line: 2
Warning (13012): Latch paddr[6]$latch has unsafe behavior File: C:/Users/HP/OneDrive/Desktop/project_Bridge/bridge_rtl.v Line: 38
    Warning (13013): Ports D and ENA on the latch are fed by the same signal hresetn File: C:/Users/HP/OneDrive/Desktop/project_Bridge/bridge_rtl.v Line: 2
Warning (13012): Latch paddr[7]$latch has unsafe behavior File: C:/Users/HP/OneDrive/Desktop/project_Bridge/bridge_rtl.v Line: 38
    Warning (13013): Ports D and ENA on the latch are fed by the same signal hresetn File: C:/Users/HP/OneDrive/Desktop/project_Bridge/bridge_rtl.v Line: 2
Warning (13012): Latch paddr[8]$latch has unsafe behavior File: C:/Users/HP/OneDrive/Desktop/project_Bridge/bridge_rtl.v Line: 38
    Warning (13013): Ports D and ENA on the latch are fed by the same signal hresetn File: C:/Users/HP/OneDrive/Desktop/project_Bridge/bridge_rtl.v Line: 2
Warning (13012): Latch paddr[9]$latch has unsafe behavior File: C:/Users/HP/OneDrive/Desktop/project_Bridge/bridge_rtl.v Line: 38
    Warning (13013): Ports D and ENA on the latch are fed by the same signal hresetn File: C:/Users/HP/OneDrive/Desktop/project_Bridge/bridge_rtl.v Line: 2
Warning (13012): Latch paddr[10]$latch has unsafe behavior File: C:/Users/HP/OneDrive/Desktop/project_Bridge/bridge_rtl.v Line: 38
    Warning (13013): Ports D and ENA on the latch are fed by the same signal hresetn File: C:/Users/HP/OneDrive/Desktop/project_Bridge/bridge_rtl.v Line: 2
Warning (13012): Latch paddr[11]$latch has unsafe behavior File: C:/Users/HP/OneDrive/Desktop/project_Bridge/bridge_rtl.v Line: 38
    Warning (13013): Ports D and ENA on the latch are fed by the same signal hresetn File: C:/Users/HP/OneDrive/Desktop/project_Bridge/bridge_rtl.v Line: 2
Warning (13012): Latch paddr[12]$latch has unsafe behavior File: C:/Users/HP/OneDrive/Desktop/project_Bridge/bridge_rtl.v Line: 38
    Warning (13013): Ports D and ENA on the latch are fed by the same signal hresetn File: C:/Users/HP/OneDrive/Desktop/project_Bridge/bridge_rtl.v Line: 2
Warning (13012): Latch paddr[13]$latch has unsafe behavior File: C:/Users/HP/OneDrive/Desktop/project_Bridge/bridge_rtl.v Line: 38
    Warning (13013): Ports D and ENA on the latch are fed by the same signal hresetn File: C:/Users/HP/OneDrive/Desktop/project_Bridge/bridge_rtl.v Line: 2
Warning (13012): Latch paddr[14]$latch has unsafe behavior File: C:/Users/HP/OneDrive/Desktop/project_Bridge/bridge_rtl.v Line: 38
    Warning (13013): Ports D and ENA on the latch are fed by the same signal hresetn File: C:/Users/HP/OneDrive/Desktop/project_Bridge/bridge_rtl.v Line: 2
Warning (13012): Latch paddr[15]$latch has unsafe behavior File: C:/Users/HP/OneDrive/Desktop/project_Bridge/bridge_rtl.v Line: 38
    Warning (13013): Ports D and ENA on the latch are fed by the same signal hresetn File: C:/Users/HP/OneDrive/Desktop/project_Bridge/bridge_rtl.v Line: 2
Warning (13012): Latch paddr[16]$latch has unsafe behavior File: C:/Users/HP/OneDrive/Desktop/project_Bridge/bridge_rtl.v Line: 38
    Warning (13013): Ports D and ENA on the latch are fed by the same signal hresetn File: C:/Users/HP/OneDrive/Desktop/project_Bridge/bridge_rtl.v Line: 2
Warning (13012): Latch paddr[17]$latch has unsafe behavior File: C:/Users/HP/OneDrive/Desktop/project_Bridge/bridge_rtl.v Line: 38
    Warning (13013): Ports D and ENA on the latch are fed by the same signal hresetn File: C:/Users/HP/OneDrive/Desktop/project_Bridge/bridge_rtl.v Line: 2
Warning (13012): Latch paddr[18]$latch has unsafe behavior File: C:/Users/HP/OneDrive/Desktop/project_Bridge/bridge_rtl.v Line: 38
    Warning (13013): Ports D and ENA on the latch are fed by the same signal hresetn File: C:/Users/HP/OneDrive/Desktop/project_Bridge/bridge_rtl.v Line: 2
Warning (13012): Latch paddr[19]$latch has unsafe behavior File: C:/Users/HP/OneDrive/Desktop/project_Bridge/bridge_rtl.v Line: 38
    Warning (13013): Ports D and ENA on the latch are fed by the same signal hresetn File: C:/Users/HP/OneDrive/Desktop/project_Bridge/bridge_rtl.v Line: 2
Warning (13012): Latch paddr[20]$latch has unsafe behavior File: C:/Users/HP/OneDrive/Desktop/project_Bridge/bridge_rtl.v Line: 38
    Warning (13013): Ports D and ENA on the latch are fed by the same signal hresetn File: C:/Users/HP/OneDrive/Desktop/project_Bridge/bridge_rtl.v Line: 2
Warning (13012): Latch paddr[21]$latch has unsafe behavior File: C:/Users/HP/OneDrive/Desktop/project_Bridge/bridge_rtl.v Line: 38
    Warning (13013): Ports D and ENA on the latch are fed by the same signal hresetn File: C:/Users/HP/OneDrive/Desktop/project_Bridge/bridge_rtl.v Line: 2
Warning (13012): Latch paddr[22]$latch has unsafe behavior File: C:/Users/HP/OneDrive/Desktop/project_Bridge/bridge_rtl.v Line: 38
    Warning (13013): Ports D and ENA on the latch are fed by the same signal hresetn File: C:/Users/HP/OneDrive/Desktop/project_Bridge/bridge_rtl.v Line: 2
Warning (13012): Latch paddr[23]$latch has unsafe behavior File: C:/Users/HP/OneDrive/Desktop/project_Bridge/bridge_rtl.v Line: 38
    Warning (13013): Ports D and ENA on the latch are fed by the same signal hresetn File: C:/Users/HP/OneDrive/Desktop/project_Bridge/bridge_rtl.v Line: 2
Warning (13012): Latch paddr[24]$latch has unsafe behavior File: C:/Users/HP/OneDrive/Desktop/project_Bridge/bridge_rtl.v Line: 38
    Warning (13013): Ports D and ENA on the latch are fed by the same signal hresetn File: C:/Users/HP/OneDrive/Desktop/project_Bridge/bridge_rtl.v Line: 2
Warning (13012): Latch paddr[25]$latch has unsafe behavior File: C:/Users/HP/OneDrive/Desktop/project_Bridge/bridge_rtl.v Line: 38
    Warning (13013): Ports D and ENA on the latch are fed by the same signal hresetn File: C:/Users/HP/OneDrive/Desktop/project_Bridge/bridge_rtl.v Line: 2
Warning (13012): Latch paddr[26]$latch has unsafe behavior File: C:/Users/HP/OneDrive/Desktop/project_Bridge/bridge_rtl.v Line: 38
    Warning (13013): Ports D and ENA on the latch are fed by the same signal hresetn File: C:/Users/HP/OneDrive/Desktop/project_Bridge/bridge_rtl.v Line: 2
Warning (13012): Latch paddr[27]$latch has unsafe behavior File: C:/Users/HP/OneDrive/Desktop/project_Bridge/bridge_rtl.v Line: 38
    Warning (13013): Ports D and ENA on the latch are fed by the same signal hresetn File: C:/Users/HP/OneDrive/Desktop/project_Bridge/bridge_rtl.v Line: 2
Warning (13012): Latch paddr[28]$latch has unsafe behavior File: C:/Users/HP/OneDrive/Desktop/project_Bridge/bridge_rtl.v Line: 38
    Warning (13013): Ports D and ENA on the latch are fed by the same signal hresetn File: C:/Users/HP/OneDrive/Desktop/project_Bridge/bridge_rtl.v Line: 2
Warning (13012): Latch paddr[29]$latch has unsafe behavior File: C:/Users/HP/OneDrive/Desktop/project_Bridge/bridge_rtl.v Line: 38
    Warning (13013): Ports D and ENA on the latch are fed by the same signal hresetn File: C:/Users/HP/OneDrive/Desktop/project_Bridge/bridge_rtl.v Line: 2
Warning (13012): Latch paddr[30]$latch has unsafe behavior File: C:/Users/HP/OneDrive/Desktop/project_Bridge/bridge_rtl.v Line: 38
    Warning (13013): Ports D and ENA on the latch are fed by the same signal hresetn File: C:/Users/HP/OneDrive/Desktop/project_Bridge/bridge_rtl.v Line: 2
Warning (13012): Latch paddr[31]$latch has unsafe behavior File: C:/Users/HP/OneDrive/Desktop/project_Bridge/bridge_rtl.v Line: 38
    Warning (13013): Ports D and ENA on the latch are fed by the same signal hresetn File: C:/Users/HP/OneDrive/Desktop/project_Bridge/bridge_rtl.v Line: 2
Warning (13012): Latch psel$latch has unsafe behavior File: C:/Users/HP/OneDrive/Desktop/project_Bridge/bridge_rtl.v Line: 38
    Warning (13013): Ports D and ENA on the latch are fed by the same signal hresetn File: C:/Users/HP/OneDrive/Desktop/project_Bridge/bridge_rtl.v Line: 2
Warning (13012): Latch next_state.renable_1567 has unsafe behavior File: C:/Users/HP/OneDrive/Desktop/project_Bridge/bridge_rtl.v Line: 38
    Warning (13013): Ports D and ENA on the latch are fed by the same signal hresetn File: C:/Users/HP/OneDrive/Desktop/project_Bridge/bridge_rtl.v Line: 2
Warning (13012): Latch next_state.wenable_p_1635 has unsafe behavior File: C:/Users/HP/OneDrive/Desktop/project_Bridge/bridge_rtl.v Line: 38
    Warning (13013): Ports D and ENA on the latch are fed by the same signal hresetn File: C:/Users/HP/OneDrive/Desktop/project_Bridge/bridge_rtl.v Line: 2
Warning (13012): Latch next_state.wenable_1601 has unsafe behavior File: C:/Users/HP/OneDrive/Desktop/project_Bridge/bridge_rtl.v Line: 38
    Warning (13013): Ports D and ENA on the latch are fed by the same signal hselapb File: C:/Users/HP/OneDrive/Desktop/project_Bridge/bridge_rtl.v Line: 2
Warning (13012): Latch pwrite$latch has unsafe behavior File: C:/Users/HP/OneDrive/Desktop/project_Bridge/bridge_rtl.v Line: 38
    Warning (13013): Ports D and ENA on the latch are fed by the same signal hresetn File: C:/Users/HP/OneDrive/Desktop/project_Bridge/bridge_rtl.v Line: 2
Warning (13012): Latch hready$latch has unsafe behavior File: C:/Users/HP/OneDrive/Desktop/project_Bridge/bridge_rtl.v Line: 38
    Warning (13013): Ports D and ENA on the latch are fed by the same signal hresetn File: C:/Users/HP/OneDrive/Desktop/project_Bridge/bridge_rtl.v Line: 2
Warning (13012): Latch next_state.write_1703 has unsafe behavior File: C:/Users/HP/OneDrive/Desktop/project_Bridge/bridge_rtl.v Line: 38
    Warning (13013): Ports D and ENA on the latch are fed by the same signal hwrite File: C:/Users/HP/OneDrive/Desktop/project_Bridge/bridge_rtl.v Line: 2
Warning (13012): Latch next_state.write_p_1669 has unsafe behavior File: C:/Users/HP/OneDrive/Desktop/project_Bridge/bridge_rtl.v Line: 38
    Warning (13013): Ports D and ENA on the latch are fed by the same signal hwrite File: C:/Users/HP/OneDrive/Desktop/project_Bridge/bridge_rtl.v Line: 2
Warning (13012): Latch next_state.idle_1805 has unsafe behavior File: C:/Users/HP/OneDrive/Desktop/project_Bridge/bridge_rtl.v Line: 38
    Warning (13013): Ports D and ENA on the latch are fed by the same signal hselapb File: C:/Users/HP/OneDrive/Desktop/project_Bridge/bridge_rtl.v Line: 2
Warning (13012): Latch next_state.wwait_1737 has unsafe behavior File: C:/Users/HP/OneDrive/Desktop/project_Bridge/bridge_rtl.v Line: 38
    Warning (13013): Ports D and ENA on the latch are fed by the same signal hwrite File: C:/Users/HP/OneDrive/Desktop/project_Bridge/bridge_rtl.v Line: 2
Warning (13012): Latch next_state.read_1771 has unsafe behavior File: C:/Users/HP/OneDrive/Desktop/project_Bridge/bridge_rtl.v Line: 38
    Warning (13013): Ports D and ENA on the latch are fed by the same signal next_state.wenable_p_1635 File: C:/Users/HP/OneDrive/Desktop/project_Bridge/bridge_rtl.v Line: 38
Warning (13024): Output pins are stuck at VCC or GND
    Warning (13410): Pin "hresp" is stuck at GND File: C:/Users/HP/OneDrive/Desktop/project_Bridge/bridge_rtl.v Line: 8
Info (286030): Timing-Driven Synthesis is running
Info (16010): Generating hard_block partition "hard_block:auto_generated_inst"
    Info (16011): Adding 0 node(s), including 0 DDIO, 0 PLL, 0 transceiver and 0 LCELL
Warning (21074): Design contains 2 input pin(s) that do not drive logic
    Warning (15610): No output dependent on input pin "hclk" File: C:/Users/HP/OneDrive/Desktop/project_Bridge/bridge_rtl.v Line: 2
    Warning (15610): No output dependent on input pin "htrans[0]" File: C:/Users/HP/OneDrive/Desktop/project_Bridge/bridge_rtl.v Line: 3
Info (21057): Implemented 392 device resources after synthesis - the final resource count might be different
    Info (21058): Implemented 102 input pins
    Info (21059): Implemented 101 output pins
    Info (21061): Implemented 189 logic cells
Info: Quartus Prime Analysis & Synthesis was successful. 0 errors, 135 warnings
    Info: Peak virtual memory: 4872 megabytes
    Info: Processing ended: Sat Jul 13 14:34:59 2024
    Info: Elapsed time: 00:00:10
    Info: Total CPU time (on all processors): 00:00:05


